SF:lib/core/data/local_datasource.dart
DA:16,1
DA:17,2
DA:20,1
DA:24,1
DA:25,1
DA:29,1
DA:31,1
DA:32,2
DA:35,1
DA:39,1
DA:40,2
LF:11
LH:11
end_of_record
SF:lib/core/domain/model/saved_location_model.dart
DA:7,3
LF:1
LH:1
end_of_record
SF:lib/core/domain/model/saved_location_model.g.dart
DA:13,0
DA:15,0
DA:16,0
DA:17,0
DA:19,0
DA:20,0
DA:21,0
DA:22,0
DA:26,1
DA:29,1
DA:30,1
DA:31,2
DA:32,1
DA:33,2
DA:34,1
DA:35,2
DA:38,0
DA:39,0
DA:41,0
DA:44,0
DA:45,0
DA:46,0
LF:22
LH:8
end_of_record
SF:lib/core/data/remote_datasource.dart
DA:14,1
DA:18,2
DA:19,3
DA:20,1
DA:22,1
DA:28,1
DA:29,1
DA:30,2
DA:33,1
DA:35,2
DA:36,2
LF:11
LH:11
end_of_record
SF:lib/core/data/repository.dart
DA:20,1
DA:22,2
DA:25,1
DA:30,2
DA:35,2
DA:36,2
LF:6
LH:6
end_of_record
SF:lib/core/dependency_injection.dart
DA:17,2
DA:18,2
DA:19,2
DA:20,2
DA:24,0
DA:26,2
DA:27,2
DA:28,2
DA:29,2
DA:30,2
DA:33,2
DA:34,2
DA:35,2
DA:36,4
DA:39,2
DA:40,2
DA:41,2
DA:42,6
DA:43,2
DA:44,6
DA:48,5
DA:51,2
DA:52,2
DA:53,2
DA:56,2
DA:59,2
DA:64,2
DA:65,2
DA:66,2
DA:69,2
LF:30
LH:29
end_of_record
SF:lib/core/domain/usecases/get_saved_locations_usecase.dart
DA:15,0
DA:17,0
LF:2
LH:0
end_of_record
SF:lib/core/domain/usecases/search_location_usecase.dart
DA:17,0
DA:21,0
LF:2
LH:0
end_of_record
SF:lib/features/current_weather/dependency_injection.dart
DA:12,0
DA:14,2
DA:15,2
DA:16,2
DA:17,2
DA:20,2
DA:21,2
DA:22,2
DA:25,2
DA:28,2
DA:33,2
DA:34,4
DA:39,2
DA:40,4
LF:14
LH:13
end_of_record
SF:lib/features/saved_location_forecast/dependency_injection.dart
DA:12,0
DA:14,2
DA:15,2
DA:16,2
DA:17,2
DA:20,2
DA:21,2
DA:22,2
DA:25,2
DA:28,2
DA:33,2
DA:34,4
DA:39,2
DA:40,4
LF:14
LH:13
end_of_record
SF:lib/features/current_weather/data/local_datasource.dart
DA:7,0
LF:1
LH:0
end_of_record
SF:lib/features/current_weather/data/remote_datasource.dart
DA:7,0
LF:1
LH:0
end_of_record
SF:lib/features/current_weather/data/repository.dart
DA:16,0
LF:1
LH:0
end_of_record
SF:lib/features/current_weather/domain/usecases/get_current_weather_usecase.dart
DA:14,0
DA:16,0
LF:2
LH:0
end_of_record
SF:lib/features/saved_location_forecast/data/local_datasource.dart
DA:7,0
LF:1
LH:0
end_of_record
SF:lib/features/saved_location_forecast/data/remote_datasource.dart
DA:7,0
LF:1
LH:0
end_of_record
SF:lib/features/saved_location_forecast/data/repository.dart
DA:17,0
LF:1
LH:0
end_of_record
SF:lib/features/saved_location_forecast/domain/usecases/get_saved_location_forecast_usecase.dart
DA:13,0
DA:16,0
DA:18,0
LF:3
LH:0
end_of_record
